{"total": {"lines":{"total":19784,"covered":19756,"skipped":0,"pct":99.85},"statements":{"total":19784,"covered":19756,"skipped":0,"pct":99.85},"functions":{"total":990,"covered":978,"skipped":0,"pct":98.78},"branches":{"total":3802,"covered":3739,"skipped":0,"pct":98.34},"branchesTrue":{"total":0,"covered":0,"skipped":0,"pct":100}}
,"/home/dmonad/ylabs/lib0/src/array.js": {"lines":{"total":223,"covered":223,"skipped":0,"pct":100},"functions":{"total":15,"covered":15,"skipped":0,"pct":100},"statements":{"total":223,"covered":223,"skipped":0,"pct":100},"branches":{"total":35,"covered":35,"skipped":0,"pct":100}}
,"/home/dmonad/ylabs/lib0/src/binary.js": {"lines":{"total":84,"covered":84,"skipped":0,"pct":100},"functions":{"total":0,"covered":0,"skipped":0,"pct":100},"statements":{"total":84,"covered":84,"skipped":0,"pct":100},"branches":{"total":1,"covered":1,"skipped":0,"pct":100}}
,"/home/dmonad/ylabs/lib0/src/broadcastchannel.js": {"lines":{"total":135,"covered":135,"skipped":0,"pct":100},"functions":{"total":9,"covered":9,"skipped":0,"pct":100},"statements":{"total":135,"covered":135,"skipped":0,"pct":100},"branches":{"total":8,"covered":8,"skipped":0,"pct":100}}
,"/home/dmonad/ylabs/lib0/src/buffer.js": {"lines":{"total":173,"covered":173,"skipped":0,"pct":100},"functions":{"total":14,"covered":14,"skipped":0,"pct":100},"statements":{"total":173,"covered":173,"skipped":0,"pct":100},"branches":{"total":29,"covered":29,"skipped":0,"pct":100}}
,"/home/dmonad/ylabs/lib0/src/cache.js": {"lines":{"total":206,"covered":206,"skipped":0,"pct":100},"functions":{"total":11,"covered":11,"skipped":0,"pct":100},"statements":{"total":206,"covered":206,"skipped":0,"pct":100},"branches":{"total":33,"covered":33,"skipped":0,"pct":100}}
,"/home/dmonad/ylabs/lib0/src/conditions.js": {"lines":{"total":13,"covered":13,"skipped":0,"pct":100},"functions":{"total":1,"covered":1,"skipped":0,"pct":100},"statements":{"total":13,"covered":13,"skipped":0,"pct":100},"branches":{"total":3,"covered":3,"skipped":0,"pct":100}}
,"/home/dmonad/ylabs/lib0/src/decoding.js": {"lines":{"total":710,"covered":710,"skipped":0,"pct":100},"functions":{"total":47,"covered":47,"skipped":0,"pct":100},"statements":{"total":710,"covered":710,"skipped":0,"pct":100},"branches":{"total":92,"covered":92,"skipped":0,"pct":100}}
,"/home/dmonad/ylabs/lib0/src/diff.js": {"lines":{"total":145,"covered":145,"skipped":0,"pct":100},"functions":{"total":3,"covered":3,"skipped":0,"pct":100},"statements":{"total":145,"covered":145,"skipped":0,"pct":100},"branches":{"total":36,"covered":36,"skipped":0,"pct":100}}
,"/home/dmonad/ylabs/lib0/src/dom.js": {"lines":{"total":284,"covered":284,"skipped":0,"pct":100},"functions":{"total":29,"covered":29,"skipped":0,"pct":100},"statements":{"total":284,"covered":284,"skipped":0,"pct":100},"branches":{"total":16,"covered":16,"skipped":0,"pct":100}}
,"/home/dmonad/ylabs/lib0/src/encoding.js": {"lines":{"total":938,"covered":938,"skipped":0,"pct":100},"functions":{"total":50,"covered":50,"skipped":0,"pct":100},"statements":{"total":938,"covered":938,"skipped":0,"pct":100},"branches":{"total":126,"covered":126,"skipped":0,"pct":100}}
,"/home/dmonad/ylabs/lib0/src/environment.common.js": {"lines":{"total":42,"covered":42,"skipped":0,"pct":100},"functions":{"total":0,"covered":0,"skipped":0,"pct":100},"statements":{"total":42,"covered":42,"skipped":0,"pct":100},"branches":{"total":9,"covered":9,"skipped":0,"pct":100}}
,"/home/dmonad/ylabs/lib0/src/environment.js": {"lines":{"total":161,"covered":161,"skipped":0,"pct":100},"functions":{"total":7,"covered":7,"skipped":0,"pct":100},"statements":{"total":161,"covered":161,"skipped":0,"pct":100},"branches":{"total":20,"covered":20,"skipped":0,"pct":100}}
,"/home/dmonad/ylabs/lib0/src/error.js": {"lines":{"total":42,"covered":42,"skipped":0,"pct":100},"functions":{"total":4,"covered":4,"skipped":0,"pct":100},"statements":{"total":42,"covered":42,"skipped":0,"pct":100},"branches":{"total":4,"covered":4,"skipped":0,"pct":100}}
,"/home/dmonad/ylabs/lib0/src/eventloop.js": {"lines":{"total":128,"covered":128,"skipped":0,"pct":100},"functions":{"total":10,"covered":10,"skipped":0,"pct":100},"statements":{"total":128,"covered":128,"skipped":0,"pct":100},"branches":{"total":23,"covered":23,"skipped":0,"pct":100}}
,"/home/dmonad/ylabs/lib0/src/function.js": {"lines":{"total":188,"covered":188,"skipped":0,"pct":100},"functions":{"total":12,"covered":12,"skipped":0,"pct":100},"statements":{"total":188,"covered":188,"skipped":0,"pct":100},"branches":{"total":61,"covered":61,"skipped":0,"pct":100}}
,"/home/dmonad/ylabs/lib0/src/indexeddb.js": {"lines":{"total":262,"covered":262,"skipped":0,"pct":100},"functions":{"total":24,"covered":24,"skipped":0,"pct":100},"statements":{"total":262,"covered":262,"skipped":0,"pct":100},"branches":{"total":1,"covered":1,"skipped":0,"pct":100}}
,"/home/dmonad/ylabs/lib0/src/indexeddbV2.js": {"lines":{"total":265,"covered":265,"skipped":0,"pct":100},"functions":{"total":24,"covered":24,"skipped":0,"pct":100},"statements":{"total":265,"covered":265,"skipped":0,"pct":100},"branches":{"total":1,"covered":1,"skipped":0,"pct":100}}
,"/home/dmonad/ylabs/lib0/src/json.js": {"lines":{"total":21,"covered":21,"skipped":0,"pct":100},"functions":{"total":0,"covered":0,"skipped":0,"pct":100},"statements":{"total":21,"covered":21,"skipped":0,"pct":100},"branches":{"total":1,"covered":1,"skipped":0,"pct":100}}
,"/home/dmonad/ylabs/lib0/src/list.js": {"lines":{"total":243,"covered":243,"skipped":0,"pct":100},"functions":{"total":17,"covered":17,"skipped":0,"pct":100},"statements":{"total":243,"covered":243,"skipped":0,"pct":100},"branches":{"total":43,"covered":43,"skipped":0,"pct":100}}
,"/home/dmonad/ylabs/lib0/src/logging.common.js": {"lines":{"total":105,"covered":105,"skipped":0,"pct":100},"functions":{"total":2,"covered":2,"skipped":0,"pct":100},"statements":{"total":105,"covered":105,"skipped":0,"pct":100},"branches":{"total":16,"covered":16,"skipped":0,"pct":100}}
,"/home/dmonad/ylabs/lib0/src/logging.node.js": {"lines":{"total":164,"covered":164,"skipped":0,"pct":100},"functions":{"total":13,"covered":13,"skipped":0,"pct":100},"statements":{"total":164,"covered":164,"skipped":0,"pct":100},"branches":{"total":9,"covered":9,"skipped":0,"pct":100}}
,"/home/dmonad/ylabs/lib0/src/map.js": {"lines":{"total":118,"covered":118,"skipped":0,"pct":100},"functions":{"total":6,"covered":6,"skipped":0,"pct":100},"statements":{"total":118,"covered":118,"skipped":0,"pct":100},"branches":{"total":16,"covered":16,"skipped":0,"pct":100}}
,"/home/dmonad/ylabs/lib0/src/math.js": {"lines":{"total":60,"covered":60,"skipped":0,"pct":100},"functions":{"total":5,"covered":5,"skipped":0,"pct":100},"statements":{"total":60,"covered":60,"skipped":0,"pct":100},"branches":{"total":12,"covered":12,"skipped":0,"pct":100}}
,"/home/dmonad/ylabs/lib0/src/metric.js": {"lines":{"total":56,"covered":56,"skipped":0,"pct":100},"functions":{"total":1,"covered":1,"skipped":0,"pct":100},"statements":{"total":56,"covered":56,"skipped":0,"pct":100},"branches":{"total":12,"covered":12,"skipped":0,"pct":100}}
,"/home/dmonad/ylabs/lib0/src/mutex.js": {"lines":{"total":43,"covered":43,"skipped":0,"pct":100},"functions":{"total":1,"covered":1,"skipped":0,"pct":100},"statements":{"total":43,"covered":43,"skipped":0,"pct":100},"branches":{"total":6,"covered":6,"skipped":0,"pct":100}}
,"/home/dmonad/ylabs/lib0/src/number.js": {"lines":{"total":35,"covered":35,"skipped":0,"pct":100},"functions":{"total":1,"covered":1,"skipped":0,"pct":100},"statements":{"total":35,"covered":35,"skipped":0,"pct":100},"branches":{"total":3,"covered":3,"skipped":0,"pct":100}}
,"/home/dmonad/ylabs/lib0/src/object.js": {"lines":{"total":169,"covered":169,"skipped":0,"pct":100},"functions":{"total":13,"covered":13,"skipped":0,"pct":100},"statements":{"total":169,"covered":169,"skipped":0,"pct":100},"branches":{"total":34,"covered":34,"skipped":0,"pct":100}}
,"/home/dmonad/ylabs/lib0/src/observable.js": {"lines":{"total":161,"covered":161,"skipped":0,"pct":100},"functions":{"total":13,"covered":13,"skipped":0,"pct":100},"statements":{"total":161,"covered":161,"skipped":0,"pct":100},"branches":{"total":11,"covered":11,"skipped":0,"pct":100}}
,"/home/dmonad/ylabs/lib0/src/pair.js": {"lines":{"total":50,"covered":50,"skipped":0,"pct":100},"functions":{"total":5,"covered":5,"skipped":0,"pct":100},"statements":{"total":50,"covered":50,"skipped":0,"pct":100},"branches":{"total":8,"covered":8,"skipped":0,"pct":100}}
,"/home/dmonad/ylabs/lib0/src/performance.node.js": {"lines":{"total":21,"covered":21,"skipped":0,"pct":100},"functions":{"total":0,"covered":0,"skipped":0,"pct":100},"statements":{"total":21,"covered":21,"skipped":0,"pct":100},"branches":{"total":7,"covered":7,"skipped":0,"pct":100}}
,"/home/dmonad/ylabs/lib0/src/pledge.js": {"lines":{"total":292,"covered":292,"skipped":0,"pct":100},"functions":{"total":19,"covered":19,"skipped":0,"pct":100},"statements":{"total":292,"covered":292,"skipped":0,"pct":100},"branches":{"total":35,"covered":35,"skipped":0,"pct":100}}
,"/home/dmonad/ylabs/lib0/src/prng.js": {"lines":{"total":200,"covered":200,"skipped":0,"pct":100},"functions":{"total":17,"covered":17,"skipped":0,"pct":100},"statements":{"total":200,"covered":200,"skipped":0,"pct":100},"branches":{"total":21,"covered":21,"skipped":0,"pct":100}}
,"/home/dmonad/ylabs/lib0/src/promise.js": {"lines":{"total":116,"covered":116,"skipped":0,"pct":100},"functions":{"total":10,"covered":10,"skipped":0,"pct":100},"statements":{"total":116,"covered":116,"skipped":0,"pct":100},"branches":{"total":25,"covered":25,"skipped":0,"pct":100}}
,"/home/dmonad/ylabs/lib0/src/queue.js": {"lines":{"total":84,"covered":84,"skipped":0,"pct":100},"functions":{"total":7,"covered":7,"skipped":0,"pct":100},"statements":{"total":84,"covered":84,"skipped":0,"pct":100},"branches":{"total":13,"covered":13,"skipped":0,"pct":100}}
,"/home/dmonad/ylabs/lib0/src/random.js": {"lines":{"total":37,"covered":37,"skipped":0,"pct":100},"functions":{"total":4,"covered":4,"skipped":0,"pct":100},"statements":{"total":37,"covered":37,"skipped":0,"pct":100},"branches":{"total":6,"covered":6,"skipped":0,"pct":100}}
,"/home/dmonad/ylabs/lib0/src/schema.js": {"lines":{"total":1616,"covered":1616,"skipped":0,"pct":100},"functions":{"total":80,"covered":80,"skipped":0,"pct":100},"statements":{"total":1616,"covered":1616,"skipped":0,"pct":100},"branches":{"total":454,"covered":454,"skipped":0,"pct":100}}
,"/home/dmonad/ylabs/lib0/src/set.js": {"lines":{"total":28,"covered":28,"skipped":0,"pct":100},"functions":{"total":4,"covered":4,"skipped":0,"pct":100},"statements":{"total":28,"covered":28,"skipped":0,"pct":100},"branches":{"total":5,"covered":5,"skipped":0,"pct":100}}
,"/home/dmonad/ylabs/lib0/src/sort.js": {"lines":{"total":88,"covered":88,"skipped":0,"pct":100},"functions":{"total":4,"covered":4,"skipped":0,"pct":100},"statements":{"total":88,"covered":88,"skipped":0,"pct":100},"branches":{"total":15,"covered":15,"skipped":0,"pct":100}}
,"/home/dmonad/ylabs/lib0/src/statistics.js": {"lines":{"total":19,"covered":19,"skipped":0,"pct":100},"functions":{"total":2,"covered":2,"skipped":0,"pct":100},"statements":{"total":19,"covered":19,"skipped":0,"pct":100},"branches":{"total":7,"covered":7,"skipped":0,"pct":100}}
,"/home/dmonad/ylabs/lib0/src/storage.js": {"lines":{"total":76,"covered":76,"skipped":0,"pct":100},"functions":{"total":5,"covered":5,"skipped":0,"pct":100},"statements":{"total":76,"covered":76,"skipped":0,"pct":100},"branches":{"total":9,"covered":9,"skipped":0,"pct":100}}
,"/home/dmonad/ylabs/lib0/src/string.js": {"lines":{"total":184,"covered":184,"skipped":0,"pct":100},"functions":{"total":14,"covered":14,"skipped":0,"pct":100},"statements":{"total":184,"covered":184,"skipped":0,"pct":100},"branches":{"total":32,"covered":32,"skipped":0,"pct":100}}
,"/home/dmonad/ylabs/lib0/src/symbol.js": {"lines":{"total":16,"covered":16,"skipped":0,"pct":100},"functions":{"total":1,"covered":1,"skipped":0,"pct":100},"statements":{"total":16,"covered":16,"skipped":0,"pct":100},"branches":{"total":2,"covered":2,"skipped":0,"pct":100}}
,"/home/dmonad/ylabs/lib0/src/test-setup.js": {"lines":{"total":33,"covered":33,"skipped":0,"pct":100},"functions":{"total":0,"covered":0,"skipped":0,"pct":100},"statements":{"total":33,"covered":33,"skipped":0,"pct":100},"branches":{"total":1,"covered":1,"skipped":0,"pct":100}}
,"/home/dmonad/ylabs/lib0/src/test.js": {"lines":{"total":115,"covered":115,"skipped":0,"pct":100},"functions":{"total":0,"covered":0,"skipped":0,"pct":100},"statements":{"total":115,"covered":115,"skipped":0,"pct":100},"branches":{"total":4,"covered":4,"skipped":0,"pct":100}}
,"/home/dmonad/ylabs/lib0/src/testing.js": {"lines":{"total":648,"covered":648,"skipped":0,"pct":100},"functions":{"total":26,"covered":26,"skipped":0,"pct":100},"statements":{"total":648,"covered":648,"skipped":0,"pct":100},"branches":{"total":129,"covered":129,"skipped":0,"pct":100}}
,"/home/dmonad/ylabs/lib0/src/time.js": {"lines":{"total":55,"covered":55,"skipped":0,"pct":100},"functions":{"total":3,"covered":3,"skipped":0,"pct":100},"statements":{"total":55,"covered":55,"skipped":0,"pct":100},"branches":{"total":21,"covered":21,"skipped":0,"pct":100}}
,"/home/dmonad/ylabs/lib0/src/ts.js": {"lines":{"total":66,"covered":66,"skipped":0,"pct":100},"functions":{"total":0,"covered":0,"skipped":0,"pct":100},"statements":{"total":66,"covered":66,"skipped":0,"pct":100},"branches":{"total":1,"covered":1,"skipped":0,"pct":100}}
,"/home/dmonad/ylabs/lib0/src/url.js": {"lines":{"total":37,"covered":37,"skipped":0,"pct":100},"functions":{"total":2,"covered":2,"skipped":0,"pct":100},"statements":{"total":37,"covered":37,"skipped":0,"pct":100},"branches":{"total":7,"covered":7,"skipped":0,"pct":100}}
,"/home/dmonad/ylabs/lib0/src/webcrypto.node.js": {"lines":{"total":4,"covered":4,"skipped":0,"pct":100},"functions":{"total":0,"covered":0,"skipped":0,"pct":100},"statements":{"total":4,"covered":4,"skipped":0,"pct":100},"branches":{"total":1,"covered":1,"skipped":0,"pct":100}}
,"/home/dmonad/ylabs/lib0/src/crypto/aes-gcm.js": {"lines":{"total":132,"covered":132,"skipped":0,"pct":100},"functions":{"total":6,"covered":6,"skipped":0,"pct":100},"statements":{"total":132,"covered":132,"skipped":0,"pct":100},"branches":{"total":12,"covered":12,"skipped":0,"pct":100}}
,"/home/dmonad/ylabs/lib0/src/crypto/common.js": {"lines":{"total":19,"covered":19,"skipped":0,"pct":100},"functions":{"total":2,"covered":2,"skipped":0,"pct":100},"statements":{"total":19,"covered":19,"skipped":0,"pct":100},"branches":{"total":4,"covered":4,"skipped":0,"pct":100}}
,"/home/dmonad/ylabs/lib0/src/crypto/ecdsa.js": {"lines":{"total":97,"covered":97,"skipped":0,"pct":100},"functions":{"total":5,"covered":5,"skipped":0,"pct":100},"statements":{"total":97,"covered":97,"skipped":0,"pct":100},"branches":{"total":9,"covered":9,"skipped":0,"pct":100}}
,"/home/dmonad/ylabs/lib0/src/crypto/jwt.js": {"lines":{"total":70,"covered":70,"skipped":0,"pct":100},"functions":{"total":5,"covered":5,"skipped":0,"pct":100},"statements":{"total":70,"covered":70,"skipped":0,"pct":100},"branches":{"total":11,"covered":11,"skipped":0,"pct":100}}
,"/home/dmonad/ylabs/lib0/src/crypto/rsa-oaep.js": {"lines":{"total":81,"covered":81,"skipped":0,"pct":100},"functions":{"total":4,"covered":4,"skipped":0,"pct":100},"statements":{"total":81,"covered":81,"skipped":0,"pct":100},"branches":{"total":9,"covered":9,"skipped":0,"pct":100}}
,"/home/dmonad/ylabs/lib0/src/delta/delta.js": {"lines":{"total":4324,"covered":4324,"skipped":0,"pct":100},"functions":{"total":176,"covered":176,"skipped":0,"pct":100},"statements":{"total":4324,"covered":4324,"skipped":0,"pct":100},"branches":{"total":1074,"covered":1062,"skipped":0,"pct":98.88}}
,"/home/dmonad/ylabs/lib0/src/delta/position.js": {"lines":{"total":165,"covered":165,"skipped":0,"pct":100},"functions":{"total":4,"covered":4,"skipped":0,"pct":100},"statements":{"total":165,"covered":165,"skipped":0,"pct":100},"branches":{"total":35,"covered":35,"skipped":0,"pct":100}}
,"/home/dmonad/ylabs/lib0/src/delta/rdt.js": {"lines":{"total":284,"covered":284,"skipped":0,"pct":100},"functions":{"total":5,"covered":5,"skipped":0,"pct":100},"statements":{"total":284,"covered":284,"skipped":0,"pct":100},"branches":{"total":34,"covered":34,"skipped":0,"pct":100}}
,"/home/dmonad/ylabs/lib0/src/delta/transformer.js": {"lines":{"total":38,"covered":38,"skipped":0,"pct":100},"functions":{"total":0,"covered":0,"skipped":0,"pct":100},"statements":{"total":38,"covered":38,"skipped":0,"pct":100},"branches":{"total":1,"covered":1,"skipped":0,"pct":100}}
,"/home/dmonad/ylabs/lib0/src/delta/rdt/delta.js": {"lines":{"total":105,"covered":105,"skipped":0,"pct":100},"functions":{"total":5,"covered":5,"skipped":0,"pct":100},"statements":{"total":105,"covered":105,"skipped":0,"pct":100},"branches":{"total":11,"covered":11,"skipped":0,"pct":100}}
,"/home/dmonad/ylabs/lib0/src/delta/rdt/dom.js": {"lines":{"total":420,"covered":420,"skipped":0,"pct":100},"functions":{"total":13,"covered":13,"skipped":0,"pct":100},"statements":{"total":420,"covered":420,"skipped":0,"pct":100},"branches":{"total":73,"covered":71,"skipped":0,"pct":97.26}}
,"/home/dmonad/ylabs/lib0/src/delta/transformer/attr.js": {"lines":{"total":126,"covered":126,"skipped":0,"pct":100},"functions":{"total":8,"covered":7,"skipped":0,"pct":87.5},"statements":{"total":126,"covered":126,"skipped":0,"pct":100},"branches":{"total":14,"covered":14,"skipped":0,"pct":100}}
,"/home/dmonad/ylabs/lib0/src/delta/transformer/attribution-to-format.js": {"lines":{"total":335,"covered":335,"skipped":0,"pct":100},"functions":{"total":15,"covered":14,"skipped":0,"pct":93.33},"statements":{"total":335,"covered":335,"skipped":0,"pct":100},"branches":{"total":100,"covered":94,"skipped":0,"pct":94}}
,"/home/dmonad/ylabs/lib0/src/delta/transformer/children.js": {"lines":{"total":219,"covered":219,"skipped":0,"pct":100},"functions":{"total":12,"covered":11,"skipped":0,"pct":91.66},"statements":{"total":219,"covered":219,"skipped":0,"pct":100},"branches":{"total":54,"covered":53,"skipped":0,"pct":98.14}}
,"/home/dmonad/ylabs/lib0/src/delta/transformer/conform.js": {"lines":{"total":401,"covered":401,"skipped":0,"pct":100},"functions":{"total":18,"covered":18,"skipped":0,"pct":100},"statements":{"total":401,"covered":401,"skipped":0,"pct":100},"branches":{"total":154,"covered":154,"skipped":0,"pct":100}}
,"/home/dmonad/ylabs/lib0/src/delta/transformer/core.js": {"lines":{"total":323,"covered":315,"skipped":0,"pct":97.52},"functions":{"total":20,"covered":19,"skipped":0,"pct":95},"statements":{"total":323,"covered":315,"skipped":0,"pct":97.52},"branches":{"total":38,"covered":31,"skipped":0,"pct":81.57}}
,"/home/dmonad/ylabs/lib0/src/delta/transformer/full-attributions.js": {"lines":{"total":282,"covered":282,"skipped":0,"pct":100},"functions":{"total":14,"covered":13,"skipped":0,"pct":92.85},"statements":{"total":282,"covered":282,"skipped":0,"pct":100},"branches":{"total":68,"covered":59,"skipped":0,"pct":86.76}}
,"/home/dmonad/ylabs/lib0/src/delta/transformer/id.js": {"lines":{"total":13,"covered":13,"skipped":0,"pct":100},"functions":{"total":1,"covered":1,"skipped":0,"pct":100},"statements":{"total":13,"covered":13,"skipped":0,"pct":100},"branches":{"total":2,"covered":2,"skipped":0,"pct":100}}
,"/home/dmonad/ylabs/lib0/src/delta/transformer/inline.js": {"lines":{"total":818,"covered":809,"skipped":0,"pct":98.89},"functions":{"total":24,"covered":22,"skipped":0,"pct":91.66},"statements":{"total":818,"covered":809,"skipped":0,"pct":98.89},"branches":{"total":217,"covered":209,"skipped":0,"pct":96.31}}
,"/home/dmonad/ylabs/lib0/src/delta/transformer/pipe.js": {"lines":{"total":272,"covered":269,"skipped":0,"pct":98.89},"functions":{"total":7,"covered":6,"skipped":0,"pct":85.71},"statements":{"total":272,"covered":269,"skipped":0,"pct":98.89},"branches":{"total":28,"covered":26,"skipped":0,"pct":92.85}}
,"/home/dmonad/ylabs/lib0/src/delta/transformer/project.js": {"lines":{"total":526,"covered":524,"skipped":0,"pct":99.61},"functions":{"total":17,"covered":16,"skipped":0,"pct":94.11},"statements":{"total":526,"covered":524,"skipped":0,"pct":99.61},"branches":{"total":113,"covered":101,"skipped":0,"pct":89.38}}
,"/home/dmonad/ylabs/lib0/src/delta/transformer/rename-attrs.js": {"lines":{"total":152,"covered":152,"skipped":0,"pct":100},"functions":{"total":9,"covered":8,"skipped":0,"pct":88.88},"statements":{"total":152,"covered":152,"skipped":0,"pct":100},"branches":{"total":29,"covered":28,"skipped":0,"pct":96.55}}
,"/home/dmonad/ylabs/lib0/src/delta/transformer/rename.js": {"lines":{"total":84,"covered":84,"skipped":0,"pct":100},"functions":{"total":7,"covered":6,"skipped":0,"pct":85.71},"statements":{"total":84,"covered":84,"skipped":0,"pct":100},"branches":{"total":7,"covered":7,"skipped":0,"pct":100}}
,"/home/dmonad/ylabs/lib0/src/delta/transformer/value.js": {"lines":{"total":214,"covered":208,"skipped":0,"pct":97.19},"functions":{"total":13,"covered":12,"skipped":0,"pct":92.3},"statements":{"total":214,"covered":208,"skipped":0,"pct":97.19},"branches":{"total":31,"covered":28,"skipped":0,"pct":90.32}}
,"/home/dmonad/ylabs/lib0/src/diff/patience.js": {"lines":{"total":237,"covered":237,"skipped":0,"pct":100},"functions":{"total":8,"covered":8,"skipped":0,"pct":100},"statements":{"total":237,"covered":237,"skipped":0,"pct":100},"branches":{"total":50,"covered":50,"skipped":0,"pct":100}}
,"/home/dmonad/ylabs/lib0/src/hash/fnv1a.js": {"lines":{"total":82,"covered":82,"skipped":0,"pct":100},"functions":{"total":2,"covered":2,"skipped":0,"pct":100},"statements":{"total":82,"covered":82,"skipped":0,"pct":100},"branches":{"total":16,"covered":16,"skipped":0,"pct":100}}
,"/home/dmonad/ylabs/lib0/src/hash/rabin-gf2-polynomial.js": {"lines":{"total":379,"covered":379,"skipped":0,"pct":100},"functions":{"total":26,"covered":26,"skipped":0,"pct":100},"statements":{"total":379,"covered":379,"skipped":0,"pct":100},"branches":{"total":62,"covered":62,"skipped":0,"pct":100}}
,"/home/dmonad/ylabs/lib0/src/hash/rabin-uncached.js": {"lines":{"total":68,"covered":68,"skipped":0,"pct":100},"functions":{"total":4,"covered":4,"skipped":0,"pct":100},"statements":{"total":68,"covered":68,"skipped":0,"pct":100},"branches":{"total":9,"covered":9,"skipped":0,"pct":100}}
,"/home/dmonad/ylabs/lib0/src/hash/rabin.js": {"lines":{"total":100,"covered":100,"skipped":0,"pct":100},"functions":{"total":5,"covered":5,"skipped":0,"pct":100},"statements":{"total":100,"covered":100,"skipped":0,"pct":100},"branches":{"total":13,"covered":13,"skipped":0,"pct":100}}
,"/home/dmonad/ylabs/lib0/src/hash/sha256.js": {"lines":{"total":176,"covered":176,"skipped":0,"pct":100},"functions":{"total":9,"covered":9,"skipped":0,"pct":100},"statements":{"total":176,"covered":176,"skipped":0,"pct":100},"branches":{"total":25,"covered":25,"skipped":0,"pct":100}}
,"/home/dmonad/ylabs/lib0/src/hash/sha256.node.js": {"lines":{"total":10,"covered":10,"skipped":0,"pct":100},"functions":{"total":1,"covered":1,"skipped":0,"pct":100},"statements":{"total":10,"covered":10,"skipped":0,"pct":100},"branches":{"total":2,"covered":2,"skipped":0,"pct":100}}
,"/home/dmonad/ylabs/lib0/src/prng/Mt19937.js": {"lines":{"total":78,"covered":78,"skipped":0,"pct":100},"functions":{"total":4,"covered":4,"skipped":0,"pct":100},"statements":{"total":78,"covered":78,"skipped":0,"pct":100},"branches":{"total":11,"covered":11,"skipped":0,"pct":100}}
,"/home/dmonad/ylabs/lib0/src/prng/Xoroshiro128plus.js": {"lines":{"total":111,"covered":111,"skipped":0,"pct":100},"functions":{"total":2,"covered":2,"skipped":0,"pct":100},"statements":{"total":111,"covered":111,"skipped":0,"pct":100},"branches":{"total":6,"covered":6,"skipped":0,"pct":100}}
,"/home/dmonad/ylabs/lib0/src/prng/Xorshift32.js": {"lines":{"total":35,"covered":35,"skipped":0,"pct":100},"functions":{"total":2,"covered":2,"skipped":0,"pct":100},"statements":{"total":35,"covered":35,"skipped":0,"pct":100},"branches":{"total":3,"covered":3,"skipped":0,"pct":100}}
,"/home/dmonad/ylabs/lib0/src/trait/equality.js": {"lines":{"total":26,"covered":26,"skipped":0,"pct":100},"functions":{"total":1,"covered":1,"skipped":0,"pct":100},"statements":{"total":26,"covered":26,"skipped":0,"pct":100},"branches":{"total":6,"covered":6,"skipped":0,"pct":100}}
,"/home/dmonad/ylabs/lib0/src/trait/fingerprint.js": {"lines":{"total":21,"covered":21,"skipped":0,"pct":100},"functions":{"total":1,"covered":1,"skipped":0,"pct":100},"statements":{"total":21,"covered":21,"skipped":0,"pct":100},"branches":{"total":6,"covered":6,"skipped":0,"pct":100}}
,"/home/dmonad/ylabs/lib0/src/trait/traits.js": {"lines":{"total":2,"covered":2,"skipped":0,"pct":100},"functions":{"total":0,"covered":0,"skipped":0,"pct":100},"statements":{"total":2,"covered":2,"skipped":0,"pct":100},"branches":{"total":1,"covered":1,"skipped":0,"pct":100}}
}
